<?xml version="1.0" encoding="UTF-8"?>
<coverage generated="1662549246955" clover="3.2.0">
  <project timestamp="1662549246955" name="All files">
    <metrics statements="24" coveredstatements="21" conditionals="6" coveredconditionals="1" methods="7" coveredmethods="4" elements="37" coveredelements="26" complexity="0" loc="24" ncloc="24" packages="3" files="3" classes="3"/>
    <package name="express-server-middlewares">
      <metrics statements="15" coveredstatements="14" conditionals="2" coveredconditionals="0" methods="4" coveredmethods="2"/>
      <file name="server.js" path="/home/eman/401course/express-server-middlewares/server.js">
        <metrics statements="15" coveredstatements="14" conditionals="2" coveredconditionals="0" methods="4" coveredmethods="2"/>
        <line num="3" count="1" type="stmt"/>
        <line num="4" count="1" type="stmt"/>
        <line num="5" count="1" type="stmt"/>
        <line num="6" count="1" type="stmt"/>
        <line num="7" count="1" type="stmt"/>
        <line num="9" count="1" type="stmt"/>
        <line num="10" count="1" type="stmt"/>
        <line num="12" count="1" type="stmt"/>
        <line num="13" count="1" type="stmt"/>
        <line num="16" count="1" type="stmt"/>
        <line num="17" count="1" type="stmt"/>
        <line num="18" count="1" type="stmt"/>
        <line num="21" count="1" type="stmt"/>
        <line num="24" count="0" type="cond" truecount="0" falsecount="2"/>
        <line num="27" count="1" type="stmt"/>
      </file>
    </package>
    <package name="express-server-middlewares.error-handlers">
      <metrics statements="2" coveredstatements="1" conditionals="2" coveredconditionals="0" methods="1" coveredmethods="0"/>
      <file name="500.js" path="/home/eman/401course/express-server-middlewares/error-handlers/500.js">
        <metrics statements="2" coveredstatements="1" conditionals="2" coveredconditionals="0" methods="1" coveredmethods="0"/>
        <line num="3" count="1" type="stmt"/>
        <line num="5" count="0" type="stmt"/>
      </file>
    </package>
    <package name="express-server-middlewares.middlewares">
      <metrics statements="7" coveredstatements="6" conditionals="2" coveredconditionals="1" methods="2" coveredmethods="2"/>
      <file name="validate-number.js" path="/home/eman/401course/express-server-middlewares/middlewares/validate-number.js">
        <metrics statements="7" coveredstatements="6" conditionals="2" coveredconditionals="1" methods="2" coveredmethods="2"/>
        <line num="2" count="1" type="stmt"/>
        <line num="3" count="1" type="stmt"/>
        <line num="4" count="1" type="stmt"/>
        <line num="5" count="1" type="cond" truecount="1" falsecount="1"/>
        <line num="7" count="1" type="stmt"/>
        <line num="8" count="1" type="stmt"/>
        <line num="10" count="0" type="stmt"/>
      </file>
    </package>
  </project>
</coverage>
